WERE DOMINATED:
[
  {
    "QUARK": 36,
    "JAKE": 75,
    "BASHIR": 33,
    "ODO": 12,
    "DAX": 19,
    "O'BRIEN": 31,
    "KIRA": 15,
    "SISKO": 6
  },
  {
    "QUARK": 31,
    "JAKE": 112,
    "BASHIR": 41,
    "ODO": 31,
    "DAX": 36,
    "KIRA": 28,
    "SISKO": 11,
    "O'BRIEN": 30
  },
  {
    "QUARK": 51,
    "JAKE": 113,
    "BASHIR": 23,
    "DAX": 25,
    "O'BRIEN": 32,
    "ODO": 22,
    "SISKO": 7,
    "KIRA": 27
  },
  {
    "QUARK": 47,
    "JAKE": 118,
    "BASHIR": 22,
    "ODO": 31,
    "O'BRIEN": 26,
    "DAX": 21,
    "SISKO": 6,
    "KIRA": 17
  },
  {
    "QUARK": 38,
    "JAKE": 115,
    "DAX": 31,
    "BASHIR": 24,
    "O'BRIEN": 31,
    "KIRA": 34,
    "ODO": 33,
    "SISKO": 7
  },
  {
    "QUARK": 42,
    "ODO": 32,
    "BASHIR": 29,
    "DAX": 24,
    "JAKE": 107,
    "O'BRIEN": 53,
    "SISKO": 15,
    "KIRA": 13
  },
  {
    "QUARK": 41,
    "DAX": 155,
    "ODO": 26,
    "JAKE": 107,
    "BASHIR": 18,
    "O'BRIEN": 22,
    "KIRA": 20,
    "SISKO": 10
  }
]

WERE DOMINATORS:
[
  {
    "SISKO": 55,
    "KIRA": 40,
    "BASHIR": 24,
    "ODO": 38,
    "DAX": 25,
    "O'BRIEN": 27,
    "QUARK": 13,
    "JAKE": 5
  },
  {
    "SISKO": 76,
    "KIRA": 59,
    "QUARK": 26,
    "BASHIR": 34,
    "ODO": 40,
    "O'BRIEN": 41,
    "DAX": 43,
    "JAKE": 1
  },
  {
    "ODO": 39,
    "KIRA": 40,
    "SISKO": 72,
    "DAX": 43,
    "BASHIR": 48,
    "O'BRIEN": 40,
    "QUARK": 17,
    "JAKE": 1
  },
  {
    "QUARK": 23,
    "O'BRIEN": 37,
    "BASHIR": 36,
    "ODO": 36,
    "SISKO": 58,
    "DAX": 45,
    "KIRA": 46,
    "JAKE": 7
  },
  {
    "SISKO": 63,
    "BASHIR": 37,
    "KIRA": 46,
    "QUARK": 27,
    "ODO": 46,
    "DAX": 47,
    "O'BRIEN": 39,
    "JAKE": 8
  },
  {
    "ODO": 36,
    "KIRA": 52,
    "BASHIR": 51,
    "SISKO": 60,
    "JAKE": 7,
    "DAX": 45,
    "O'BRIEN": 32,
    "QUARK": 32
  },
  {
    "BASHIR": 70,
    "QUARK": 48,
    "ODO": 61,
    "KIRA": 68,
    "SISKO": 75,
    "JAKE": 14,
    "O'BRIEN": 63
  }
]

DUKAT VS KIRA?

SISKO DOMINATIONS?

BASHIR OBRIEN?

BASHIR GARAK

ODO QUARK


PER SEASON CHANGES:
